Build started 03/01/2012 05:15:18.
     1>Project "C:\Users\munoz_v\Desktop\R-Type\SFML-1.6\build\vc2008\sfml-audio.vcxproj" on node 2 (rebuild target(s)).
     1>InitializeBuildStatus:
         Creating "C:\Users\munoz_v\Desktop\R-Type\SFML-1.6\build\vc2008\..\..\Temp\vc2008\sfml-audio\Release static\sfml-audio.unsuccessfulbuild" because "AlwaysCreate" was specified.
       ClCompile:
         C:\Program Files (x86)\Microsoft Visual Studio 10.0\VC\bin\CL.exe /c /I"C:\Users\munoz_v\Desktop\R-Type\SFML-1.6\build\vc2008\..\..\src" /I"C:\Users\munoz_v\Desktop\R-Type\SFML-1.6\build\vc2008\..\..\include" /I"C:\Users\munoz_v\Desktop\R-Type\SFML-1.6\build\vc2008\..\..\extlibs\headers" /nologo /W2 /WX- /Ox /Ob2 /Oi /Ot /Oy- /D NDEBUG /D WIN32 /D _LIB /D SFML_EXPORTS /D _MBCS /GF /Gm- /EHsc /MD /GS- /fp:fast /Zc:wchar_t /Zc:forScope /Fo"C:\Users\munoz_v\Desktop\R-Type\SFML-1.6\build\vc2008\..\..\Temp\vc2008\sfml-audio\Release static\\" /Fd"C:\Users\munoz_v\Desktop\R-Type\SFML-1.6\build\vc2008\..\..\Temp\vc2008\sfml-audio\Release static\vc100.pdb" /Gd /TC /wd4996 /analyze- /errorReport:prompt ..\..\src\SFML\Audio\stb_vorbis\stb_vorbis.c /MP 
         stb_vorbis.c
         C:\Program Files (x86)\Microsoft Visual Studio 10.0\VC\bin\CL.exe /c /I"C:\Users\munoz_v\Desktop\R-Type\SFML-1.6\build\vc2008\..\..\src" /I"C:\Users\munoz_v\Desktop\R-Type\SFML-1.6\build\vc2008\..\..\include" /I"C:\Users\munoz_v\Desktop\R-Type\SFML-1.6\build\vc2008\..\..\extlibs\headers" /nologo /W4 /WX- /Ox /Ob2 /Oi /Ot /Oy- /D NDEBUG /D WIN32 /D _LIB /D SFML_EXPORTS /D _MBCS /GF /Gm- /EHsc /MD /GS- /fp:fast /Zc:wchar_t /Zc:forScope /Fo"C:\Users\munoz_v\Desktop\R-Type\SFML-1.6\build\vc2008\..\..\Temp\vc2008\sfml-audio\Release static\\" /Fd"C:\Users\munoz_v\Desktop\R-Type\SFML-1.6\build\vc2008\..\..\Temp\vc2008\sfml-audio\Release static\vc100.pdb" /Gd /TP /wd4996 /analyze- /errorReport:prompt ..\..\src\SFML\Audio\AudioDevice.cpp ..\..\src\SFML\Audio\AudioResource.cpp ..\..\src\SFML\Audio\Listener.cpp ..\..\src\SFML\Audio\Music.cpp ..\..\src\SFML\Audio\Sound.cpp ..\..\src\SFML\Audio\SoundBuffer.cpp ..\..\src\SFML\Audio\SoundBufferRecorder.cpp ..\..\src\SFML\Audio\SoundFile.cpp ..\..\src\SFML\Audio\SoundFileDefault.cpp ..\..\src\SFML\Audio\SoundFileOgg.cpp ..\..\src\SFML\Audio\SoundRecorder.cpp ..\..\src\SFML\Audio\SoundStream.cpp /MP 
         AudioDevice.cpp
         AudioResource.cpp
         Listener.cpp
         Music.cpp
         Sound.cpp
         SoundBuffer.cpp
         SoundBufferRecorder.cpp
         SoundFile.cpp
         SoundFileDefault.cpp
         SoundFileOgg.cpp
         SoundRecorder.cpp
         SoundStream.cpp
     1>C:\Program Files (x86)\MSBuild\Microsoft.Cpp\v4.0\Microsoft.CppBuild.targets(1151,5): warning MSB8012: TargetPath(C:\Users\munoz_v\Desktop\R-Type\SFML-1.6\build\vc2008\..\..\Temp\vc2008\sfml-audio\Release static\sfml-audio.lib) does not match the Library's OutputFile property value (C:\Users\munoz_v\Desktop\R-Type\SFML-1.6\lib\vc2008\sfml-audio-s.lib). This may cause your project to build incorrectly. To correct this, please make sure that $(OutDir), $(TargetName) and $(TargetExt) property values match the value specified in %(Lib.OutputFile).
     1>C:\Program Files (x86)\MSBuild\Microsoft.Cpp\v4.0\Microsoft.CppBuild.targets(1153,5): warning MSB8012: TargetName(sfml-audio) does not match the Library's OutputFile property value (sfml-audio-s). This may cause your project to build incorrectly. To correct this, please make sure that $(OutDir), $(TargetName) and $(TargetExt) property values match the value specified in %(Lib.OutputFile).
       Lib:
         C:\Program Files (x86)\Microsoft Visual Studio 10.0\VC\bin\Lib.exe /OUT:"C:\Users\munoz_v\Desktop\R-Type\SFML-1.6\build\vc2008\..\..\lib\vc2008\sfml-audio-s.lib" "C:\Users\munoz_v\Desktop\R-Type\SFML-1.6\build\vc2008\..\..\extlibs\libs-vc2005\openal32.lib" "C:\Users\munoz_v\Desktop\R-Type\SFML-1.6\build\vc2008\..\..\extlibs\libs-vc2005\sndfile.lib" /NOLOGO "C:\Users\munoz_v\Desktop\R-Type\SFML-1.6\build\vc2008\..\..\Temp\vc2008\sfml-audio\Release static\stb_vorbis.obj"
         "C:\Users\munoz_v\Desktop\R-Type\SFML-1.6\build\vc2008\..\..\Temp\vc2008\sfml-audio\Release static\AudioDevice.obj"
         "C:\Users\munoz_v\Desktop\R-Type\SFML-1.6\build\vc2008\..\..\Temp\vc2008\sfml-audio\Release static\AudioResource.obj"
         "C:\Users\munoz_v\Desktop\R-Type\SFML-1.6\build\vc2008\..\..\Temp\vc2008\sfml-audio\Release static\Listener.obj"
         "C:\Users\munoz_v\Desktop\R-Type\SFML-1.6\build\vc2008\..\..\Temp\vc2008\sfml-audio\Release static\Music.obj"
         "C:\Users\munoz_v\Desktop\R-Type\SFML-1.6\build\vc2008\..\..\Temp\vc2008\sfml-audio\Release static\Sound.obj"
         "C:\Users\munoz_v\Desktop\R-Type\SFML-1.6\build\vc2008\..\..\Temp\vc2008\sfml-audio\Release static\SoundBuffer.obj"
         "C:\Users\munoz_v\Desktop\R-Type\SFML-1.6\build\vc2008\..\..\Temp\vc2008\sfml-audio\Release static\SoundBufferRecorder.obj"
         "C:\Users\munoz_v\Desktop\R-Type\SFML-1.6\build\vc2008\..\..\Temp\vc2008\sfml-audio\Release static\SoundFile.obj"
         "C:\Users\munoz_v\Desktop\R-Type\SFML-1.6\build\vc2008\..\..\Temp\vc2008\sfml-audio\Release static\SoundFileDefault.obj"
         "C:\Users\munoz_v\Desktop\R-Type\SFML-1.6\build\vc2008\..\..\Temp\vc2008\sfml-audio\Release static\SoundFileOgg.obj"
         "C:\Users\munoz_v\Desktop\R-Type\SFML-1.6\build\vc2008\..\..\Temp\vc2008\sfml-audio\Release static\SoundRecorder.obj"
         "C:\Users\munoz_v\Desktop\R-Type\SFML-1.6\build\vc2008\..\..\Temp\vc2008\sfml-audio\Release static\SoundStream.obj"
     1>sndfile.lib(libsndfile-1.dll) : warning LNK4006: __NULL_IMPORT_DESCRIPTOR already defined in openal32.lib(openal32.dll); second definition ignored
     1>sndfile.lib(libsndfile-1.dll) : warning LNK4221: This object file does not define any previously undefined public symbols, so it will not be used by any link operation that consumes this library
         sfml-audio.vcxproj -> C:\Users\munoz_v\Desktop\R-Type\SFML-1.6\build\vc2008\..\..\Temp\vc2008\sfml-audio\Release static\sfml-audio.lib
       FinalizeBuildStatus:
         Deleting file "C:\Users\munoz_v\Desktop\R-Type\SFML-1.6\build\vc2008\..\..\Temp\vc2008\sfml-audio\Release static\sfml-audio.unsuccessfulbuild".
         Touching "C:\Users\munoz_v\Desktop\R-Type\SFML-1.6\build\vc2008\..\..\Temp\vc2008\sfml-audio\Release static\sfml-audio.lastbuildstate".
     1>Done Building Project "C:\Users\munoz_v\Desktop\R-Type\SFML-1.6\build\vc2008\sfml-audio.vcxproj" (rebuild target(s)).

Build succeeded.

Time Elapsed 00:00:05.20
