C:\USERS\MUNOZ_V\DESKTOP\R-TYPE2\SFML-1.6\LIB\VC2008\SFML-AUDIO-S.LIB
C:\USERS\MUNOZ_V\DESKTOP\R-TYPE2\SFML-1.6\TEMP\VC2008\SFML-AUDIO\RELEASE STATIC\AUDIODEVICE.OBJ
C:\USERS\MUNOZ_V\DESKTOP\R-TYPE2\SFML-1.6\TEMP\VC2008\SFML-AUDIO\RELEASE STATIC\AUDIORESOURCE.OBJ
C:\Users\munoz_v\Desktop\R-Type2\SFML-1.6\Temp\vc2008\sfml-audio\Release static\CL.4164.read.1.tlog
C:\Users\munoz_v\Desktop\R-Type2\SFML-1.6\Temp\vc2008\sfml-audio\Release static\CL.4164.write.1.tlog
C:\Users\munoz_v\Desktop\R-Type2\SFML-1.6\Temp\vc2008\sfml-audio\Release static\CL.556.read.1.tlog
C:\Users\munoz_v\Desktop\R-Type2\SFML-1.6\Temp\vc2008\sfml-audio\Release static\CL.556.write.1.tlog
C:\Users\munoz_v\Desktop\R-Type2\SFML-1.6\Temp\vc2008\sfml-audio\Release static\cl.command.1.tlog
C:\Users\munoz_v\Desktop\R-Type2\SFML-1.6\Temp\vc2008\sfml-audio\Release static\CL.read.1.tlog
C:\Users\munoz_v\Desktop\R-Type2\SFML-1.6\Temp\vc2008\sfml-audio\Release static\CL.write.1.tlog
C:\Users\munoz_v\Desktop\R-Type2\SFML-1.6\Temp\vc2008\sfml-audio\Release static\lib.command.1.tlog
C:\Users\munoz_v\Desktop\R-Type2\SFML-1.6\Temp\vc2008\sfml-audio\Release static\Lib-link.read.1.tlog
C:\Users\munoz_v\Desktop\R-Type2\SFML-1.6\Temp\vc2008\sfml-audio\Release static\Lib-link.write.1.tlog
C:\USERS\MUNOZ_V\DESKTOP\R-TYPE2\SFML-1.6\TEMP\VC2008\SFML-AUDIO\RELEASE STATIC\LISTENER.OBJ
C:\USERS\MUNOZ_V\DESKTOP\R-TYPE2\SFML-1.6\TEMP\VC2008\SFML-AUDIO\RELEASE STATIC\MUSIC.OBJ
C:\Users\munoz_v\Desktop\R-Type2\SFML-1.6\Temp\vc2008\sfml-audio\Release static\sfml-audio.write.1.tlog
C:\USERS\MUNOZ_V\DESKTOP\R-TYPE2\SFML-1.6\TEMP\VC2008\SFML-AUDIO\RELEASE STATIC\SOUND.OBJ
C:\USERS\MUNOZ_V\DESKTOP\R-TYPE2\SFML-1.6\TEMP\VC2008\SFML-AUDIO\RELEASE STATIC\SOUNDBUFFER.OBJ
C:\USERS\MUNOZ_V\DESKTOP\R-TYPE2\SFML-1.6\TEMP\VC2008\SFML-AUDIO\RELEASE STATIC\SOUNDBUFFERRECORDER.OBJ
C:\USERS\MUNOZ_V\DESKTOP\R-TYPE2\SFML-1.6\TEMP\VC2008\SFML-AUDIO\RELEASE STATIC\SOUNDFILE.OBJ
C:\USERS\MUNOZ_V\DESKTOP\R-TYPE2\SFML-1.6\TEMP\VC2008\SFML-AUDIO\RELEASE STATIC\SOUNDFILEDEFAULT.OBJ
C:\USERS\MUNOZ_V\DESKTOP\R-TYPE2\SFML-1.6\TEMP\VC2008\SFML-AUDIO\RELEASE STATIC\SOUNDFILEOGG.OBJ
C:\USERS\MUNOZ_V\DESKTOP\R-TYPE2\SFML-1.6\TEMP\VC2008\SFML-AUDIO\RELEASE STATIC\SOUNDRECORDER.OBJ
C:\USERS\MUNOZ_V\DESKTOP\R-TYPE2\SFML-1.6\TEMP\VC2008\SFML-AUDIO\RELEASE STATIC\SOUNDSTREAM.OBJ
C:\USERS\MUNOZ_V\DESKTOP\R-TYPE2\SFML-1.6\TEMP\VC2008\SFML-AUDIO\RELEASE STATIC\STB_VORBIS.OBJ
