C:\USERS\MUNOZ_V\DESKTOP\R-TYPE2\SFML-1.6\LIB\VC2008\SFML-GRAPHICS-S.LIB
C:\Users\munoz_v\Desktop\R-Type2\SFML-1.6\Temp\vc2008\sfml-graphics\Release static\adler32.obj
C:\Users\munoz_v\Desktop\R-Type2\SFML-1.6\Temp\vc2008\sfml-graphics\Release static\CL.4008.read.1.tlog
C:\Users\munoz_v\Desktop\R-Type2\SFML-1.6\Temp\vc2008\sfml-graphics\Release static\CL.4008.write.1.tlog
C:\Users\munoz_v\Desktop\R-Type2\SFML-1.6\Temp\vc2008\sfml-graphics\Release static\CL.4420.read.1.tlog
C:\Users\munoz_v\Desktop\R-Type2\SFML-1.6\Temp\vc2008\sfml-graphics\Release static\CL.4420.write.1.tlog
C:\Users\munoz_v\Desktop\R-Type2\SFML-1.6\Temp\vc2008\sfml-graphics\Release static\CL.4888.read.1.tlog
C:\Users\munoz_v\Desktop\R-Type2\SFML-1.6\Temp\vc2008\sfml-graphics\Release static\CL.4888.write.1.tlog
C:\Users\munoz_v\Desktop\R-Type2\SFML-1.6\Temp\vc2008\sfml-graphics\Release static\CL.608.read.1.tlog
C:\Users\munoz_v\Desktop\R-Type2\SFML-1.6\Temp\vc2008\sfml-graphics\Release static\CL.608.write.1.tlog
C:\Users\munoz_v\Desktop\R-Type2\SFML-1.6\Temp\vc2008\sfml-graphics\Release static\cl.command.1.tlog
C:\Users\munoz_v\Desktop\R-Type2\SFML-1.6\Temp\vc2008\sfml-graphics\Release static\CL.read.1.tlog
C:\Users\munoz_v\Desktop\R-Type2\SFML-1.6\Temp\vc2008\sfml-graphics\Release static\cl.write.1.tlog
C:\USERS\MUNOZ_V\DESKTOP\R-TYPE2\SFML-1.6\TEMP\VC2008\SFML-GRAPHICS\RELEASE STATIC\COLOR.OBJ
C:\Users\munoz_v\Desktop\R-Type2\SFML-1.6\Temp\vc2008\sfml-graphics\Release static\compress.obj
C:\Users\munoz_v\Desktop\R-Type2\SFML-1.6\Temp\vc2008\sfml-graphics\Release static\crc32.obj
C:\Users\munoz_v\Desktop\R-Type2\SFML-1.6\Temp\vc2008\sfml-graphics\Release static\deflate.obj
C:\USERS\MUNOZ_V\DESKTOP\R-TYPE2\SFML-1.6\TEMP\VC2008\SFML-GRAPHICS\RELEASE STATIC\DRAWABLE.OBJ
C:\USERS\MUNOZ_V\DESKTOP\R-TYPE2\SFML-1.6\TEMP\VC2008\SFML-GRAPHICS\RELEASE STATIC\FONT.OBJ
C:\USERS\MUNOZ_V\DESKTOP\R-TYPE2\SFML-1.6\TEMP\VC2008\SFML-GRAPHICS\RELEASE STATIC\FONTLOADER.OBJ
C:\USERS\MUNOZ_V\DESKTOP\R-TYPE2\SFML-1.6\TEMP\VC2008\SFML-GRAPHICS\RELEASE STATIC\GLEW.OBJ
C:\USERS\MUNOZ_V\DESKTOP\R-TYPE2\SFML-1.6\TEMP\VC2008\SFML-GRAPHICS\RELEASE STATIC\GRAPHICSCONTEXT.OBJ
C:\USERS\MUNOZ_V\DESKTOP\R-TYPE2\SFML-1.6\TEMP\VC2008\SFML-GRAPHICS\RELEASE STATIC\IMAGE.OBJ
C:\Users\munoz_v\Desktop\R-Type2\SFML-1.6\Temp\vc2008\sfml-graphics\Release static\image_DXT.obj
C:\USERS\MUNOZ_V\DESKTOP\R-TYPE2\SFML-1.6\TEMP\VC2008\SFML-GRAPHICS\RELEASE STATIC\IMAGELOADER.OBJ
C:\Users\munoz_v\Desktop\R-Type2\SFML-1.6\Temp\vc2008\sfml-graphics\Release static\inffast.obj
C:\Users\munoz_v\Desktop\R-Type2\SFML-1.6\Temp\vc2008\sfml-graphics\Release static\inflate.obj
C:\Users\munoz_v\Desktop\R-Type2\SFML-1.6\Temp\vc2008\sfml-graphics\Release static\inftrees.obj
C:\Users\munoz_v\Desktop\R-Type2\SFML-1.6\Temp\vc2008\sfml-graphics\Release static\jcapimin.obj
C:\Users\munoz_v\Desktop\R-Type2\SFML-1.6\Temp\vc2008\sfml-graphics\Release static\jcapistd.obj
C:\Users\munoz_v\Desktop\R-Type2\SFML-1.6\Temp\vc2008\sfml-graphics\Release static\jccoefct.obj
C:\Users\munoz_v\Desktop\R-Type2\SFML-1.6\Temp\vc2008\sfml-graphics\Release static\jccolor.obj
C:\Users\munoz_v\Desktop\R-Type2\SFML-1.6\Temp\vc2008\sfml-graphics\Release static\jcdctmgr.obj
C:\Users\munoz_v\Desktop\R-Type2\SFML-1.6\Temp\vc2008\sfml-graphics\Release static\jchuff.obj
C:\Users\munoz_v\Desktop\R-Type2\SFML-1.6\Temp\vc2008\sfml-graphics\Release static\jcinit.obj
C:\Users\munoz_v\Desktop\R-Type2\SFML-1.6\Temp\vc2008\sfml-graphics\Release static\jcmainct.obj
C:\Users\munoz_v\Desktop\R-Type2\SFML-1.6\Temp\vc2008\sfml-graphics\Release static\jcmarker.obj
C:\Users\munoz_v\Desktop\R-Type2\SFML-1.6\Temp\vc2008\sfml-graphics\Release static\jcmaster.obj
C:\Users\munoz_v\Desktop\R-Type2\SFML-1.6\Temp\vc2008\sfml-graphics\Release static\jcomapi.obj
C:\Users\munoz_v\Desktop\R-Type2\SFML-1.6\Temp\vc2008\sfml-graphics\Release static\jcparam.obj
C:\Users\munoz_v\Desktop\R-Type2\SFML-1.6\Temp\vc2008\sfml-graphics\Release static\jcphuff.obj
C:\Users\munoz_v\Desktop\R-Type2\SFML-1.6\Temp\vc2008\sfml-graphics\Release static\jcprepct.obj
C:\Users\munoz_v\Desktop\R-Type2\SFML-1.6\Temp\vc2008\sfml-graphics\Release static\jcsample.obj
C:\Users\munoz_v\Desktop\R-Type2\SFML-1.6\Temp\vc2008\sfml-graphics\Release static\jctrans.obj
C:\Users\munoz_v\Desktop\R-Type2\SFML-1.6\Temp\vc2008\sfml-graphics\Release static\jdapimin.obj
C:\Users\munoz_v\Desktop\R-Type2\SFML-1.6\Temp\vc2008\sfml-graphics\Release static\jdapistd.obj
C:\Users\munoz_v\Desktop\R-Type2\SFML-1.6\Temp\vc2008\sfml-graphics\Release static\jdatadst.obj
C:\Users\munoz_v\Desktop\R-Type2\SFML-1.6\Temp\vc2008\sfml-graphics\Release static\jdatasrc.obj
C:\Users\munoz_v\Desktop\R-Type2\SFML-1.6\Temp\vc2008\sfml-graphics\Release static\jdcoefct.obj
C:\Users\munoz_v\Desktop\R-Type2\SFML-1.6\Temp\vc2008\sfml-graphics\Release static\jdcolor.obj
C:\Users\munoz_v\Desktop\R-Type2\SFML-1.6\Temp\vc2008\sfml-graphics\Release static\jddctmgr.obj
C:\Users\munoz_v\Desktop\R-Type2\SFML-1.6\Temp\vc2008\sfml-graphics\Release static\jdhuff.obj
C:\Users\munoz_v\Desktop\R-Type2\SFML-1.6\Temp\vc2008\sfml-graphics\Release static\jdinput.obj
C:\Users\munoz_v\Desktop\R-Type2\SFML-1.6\Temp\vc2008\sfml-graphics\Release static\jdmainct.obj
C:\Users\munoz_v\Desktop\R-Type2\SFML-1.6\Temp\vc2008\sfml-graphics\Release static\jdmarker.obj
C:\Users\munoz_v\Desktop\R-Type2\SFML-1.6\Temp\vc2008\sfml-graphics\Release static\jdmaster.obj
C:\Users\munoz_v\Desktop\R-Type2\SFML-1.6\Temp\vc2008\sfml-graphics\Release static\jdmerge.obj
C:\Users\munoz_v\Desktop\R-Type2\SFML-1.6\Temp\vc2008\sfml-graphics\Release static\jdphuff.obj
C:\Users\munoz_v\Desktop\R-Type2\SFML-1.6\Temp\vc2008\sfml-graphics\Release static\jdpostct.obj
C:\Users\munoz_v\Desktop\R-Type2\SFML-1.6\Temp\vc2008\sfml-graphics\Release static\jdsample.obj
C:\Users\munoz_v\Desktop\R-Type2\SFML-1.6\Temp\vc2008\sfml-graphics\Release static\jdtrans.obj
C:\Users\munoz_v\Desktop\R-Type2\SFML-1.6\Temp\vc2008\sfml-graphics\Release static\jerror.obj
C:\Users\munoz_v\Desktop\R-Type2\SFML-1.6\Temp\vc2008\sfml-graphics\Release static\jfdctflt.obj
C:\Users\munoz_v\Desktop\R-Type2\SFML-1.6\Temp\vc2008\sfml-graphics\Release static\jfdctfst.obj
C:\Users\munoz_v\Desktop\R-Type2\SFML-1.6\Temp\vc2008\sfml-graphics\Release static\jfdctint.obj
C:\Users\munoz_v\Desktop\R-Type2\SFML-1.6\Temp\vc2008\sfml-graphics\Release static\jidctflt.obj
C:\Users\munoz_v\Desktop\R-Type2\SFML-1.6\Temp\vc2008\sfml-graphics\Release static\jidctfst.obj
C:\Users\munoz_v\Desktop\R-Type2\SFML-1.6\Temp\vc2008\sfml-graphics\Release static\jidctint.obj
C:\Users\munoz_v\Desktop\R-Type2\SFML-1.6\Temp\vc2008\sfml-graphics\Release static\jidctred.obj
C:\Users\munoz_v\Desktop\R-Type2\SFML-1.6\Temp\vc2008\sfml-graphics\Release static\jmemmgr.obj
C:\Users\munoz_v\Desktop\R-Type2\SFML-1.6\Temp\vc2008\sfml-graphics\Release static\jmemnobs.obj
C:\Users\munoz_v\Desktop\R-Type2\SFML-1.6\Temp\vc2008\sfml-graphics\Release static\jquant1.obj
C:\Users\munoz_v\Desktop\R-Type2\SFML-1.6\Temp\vc2008\sfml-graphics\Release static\jquant2.obj
C:\Users\munoz_v\Desktop\R-Type2\SFML-1.6\Temp\vc2008\sfml-graphics\Release static\jutils.obj
C:\Users\munoz_v\Desktop\R-Type2\SFML-1.6\Temp\vc2008\sfml-graphics\Release static\lib.command.1.tlog
C:\Users\munoz_v\Desktop\R-Type2\SFML-1.6\Temp\vc2008\sfml-graphics\Release static\Lib-link.read.1.tlog
C:\Users\munoz_v\Desktop\R-Type2\SFML-1.6\Temp\vc2008\sfml-graphics\Release static\Lib-link.write.1.tlog
C:\USERS\MUNOZ_V\DESKTOP\R-TYPE2\SFML-1.6\TEMP\VC2008\SFML-GRAPHICS\RELEASE STATIC\MATRIX3.OBJ
C:\Users\munoz_v\Desktop\R-Type2\SFML-1.6\Temp\vc2008\sfml-graphics\Release static\png.obj
C:\Users\munoz_v\Desktop\R-Type2\SFML-1.6\Temp\vc2008\sfml-graphics\Release static\pngerror.obj
C:\Users\munoz_v\Desktop\R-Type2\SFML-1.6\Temp\vc2008\sfml-graphics\Release static\pnggccrd.obj
C:\Users\munoz_v\Desktop\R-Type2\SFML-1.6\Temp\vc2008\sfml-graphics\Release static\pngget.obj
C:\Users\munoz_v\Desktop\R-Type2\SFML-1.6\Temp\vc2008\sfml-graphics\Release static\pngmem.obj
C:\Users\munoz_v\Desktop\R-Type2\SFML-1.6\Temp\vc2008\sfml-graphics\Release static\pngpread.obj
C:\Users\munoz_v\Desktop\R-Type2\SFML-1.6\Temp\vc2008\sfml-graphics\Release static\pngread.obj
C:\Users\munoz_v\Desktop\R-Type2\SFML-1.6\Temp\vc2008\sfml-graphics\Release static\pngrio.obj
C:\Users\munoz_v\Desktop\R-Type2\SFML-1.6\Temp\vc2008\sfml-graphics\Release static\pngrtran.obj
C:\Users\munoz_v\Desktop\R-Type2\SFML-1.6\Temp\vc2008\sfml-graphics\Release static\pngrutil.obj
C:\Users\munoz_v\Desktop\R-Type2\SFML-1.6\Temp\vc2008\sfml-graphics\Release static\pngset.obj
C:\Users\munoz_v\Desktop\R-Type2\SFML-1.6\Temp\vc2008\sfml-graphics\Release static\pngtrans.obj
C:\Users\munoz_v\Desktop\R-Type2\SFML-1.6\Temp\vc2008\sfml-graphics\Release static\pngvcrd.obj
C:\Users\munoz_v\Desktop\R-Type2\SFML-1.6\Temp\vc2008\sfml-graphics\Release static\pngwio.obj
C:\Users\munoz_v\Desktop\R-Type2\SFML-1.6\Temp\vc2008\sfml-graphics\Release static\pngwrite.obj
C:\Users\munoz_v\Desktop\R-Type2\SFML-1.6\Temp\vc2008\sfml-graphics\Release static\pngwtran.obj
C:\Users\munoz_v\Desktop\R-Type2\SFML-1.6\Temp\vc2008\sfml-graphics\Release static\pngwutil.obj
C:\USERS\MUNOZ_V\DESKTOP\R-TYPE2\SFML-1.6\TEMP\VC2008\SFML-GRAPHICS\RELEASE STATIC\POSTFX.OBJ
C:\USERS\MUNOZ_V\DESKTOP\R-TYPE2\SFML-1.6\TEMP\VC2008\SFML-GRAPHICS\RELEASE STATIC\RENDERTARGET.OBJ
C:\USERS\MUNOZ_V\DESKTOP\R-TYPE2\SFML-1.6\TEMP\VC2008\SFML-GRAPHICS\RELEASE STATIC\RENDERWINDOW.OBJ
C:\Users\munoz_v\Desktop\R-Type2\SFML-1.6\Temp\vc2008\sfml-graphics\Release static\sfml-graphics.write.1.tlog
C:\USERS\MUNOZ_V\DESKTOP\R-TYPE2\SFML-1.6\TEMP\VC2008\SFML-GRAPHICS\RELEASE STATIC\SHAPE.OBJ
C:\Users\munoz_v\Desktop\R-Type2\SFML-1.6\Temp\vc2008\sfml-graphics\Release static\SOIL.obj
C:\USERS\MUNOZ_V\DESKTOP\R-TYPE2\SFML-1.6\TEMP\VC2008\SFML-GRAPHICS\RELEASE STATIC\SPRITE.OBJ
C:\Users\munoz_v\Desktop\R-Type2\SFML-1.6\Temp\vc2008\sfml-graphics\Release static\stb_image_aug.obj
C:\USERS\MUNOZ_V\DESKTOP\R-TYPE2\SFML-1.6\TEMP\VC2008\SFML-GRAPHICS\RELEASE STATIC\STRING.OBJ
C:\Users\munoz_v\Desktop\R-Type2\SFML-1.6\Temp\vc2008\sfml-graphics\Release static\trees.obj
C:\Users\munoz_v\Desktop\R-Type2\SFML-1.6\Temp\vc2008\sfml-graphics\Release static\uncompr.obj
C:\USERS\MUNOZ_V\DESKTOP\R-TYPE2\SFML-1.6\TEMP\VC2008\SFML-GRAPHICS\RELEASE STATIC\VIEW.OBJ
C:\Users\munoz_v\Desktop\R-Type2\SFML-1.6\Temp\vc2008\sfml-graphics\Release static\zutil.obj
