C:\USERS\MUNOZ_V\DESKTOP\R-TYPE2\SFML-1.6\LIB\VC2008\SFML-WINDOW-S.LIB
C:\Users\munoz_v\Desktop\R-Type2\SFML-1.6\Temp\vc2008\sfml-window\Release static\CL.4012.read.1.tlog
C:\Users\munoz_v\Desktop\R-Type2\SFML-1.6\Temp\vc2008\sfml-window\Release static\CL.4012.write.1.tlog
C:\Users\munoz_v\Desktop\R-Type2\SFML-1.6\Temp\vc2008\sfml-window\Release static\CL.4988.read.1.tlog
C:\Users\munoz_v\Desktop\R-Type2\SFML-1.6\Temp\vc2008\sfml-window\Release static\CL.4988.write.1.tlog
C:\Users\munoz_v\Desktop\R-Type2\SFML-1.6\Temp\vc2008\sfml-window\Release static\cl.command.1.tlog
C:\Users\munoz_v\Desktop\R-Type2\SFML-1.6\Temp\vc2008\sfml-window\Release static\CL.read.1.tlog
C:\Users\munoz_v\Desktop\R-Type2\SFML-1.6\Temp\vc2008\sfml-window\Release static\cl.write.1.tlog
C:\Users\munoz_v\Desktop\R-Type2\SFML-1.6\Temp\vc2008\sfml-window\Release static\Context.obj
C:\Users\munoz_v\Desktop\R-Type2\SFML-1.6\Temp\vc2008\sfml-window\Release static\Input.obj
C:\Users\munoz_v\Desktop\R-Type2\SFML-1.6\Temp\vc2008\sfml-window\Release static\Joystick.obj
C:\Users\munoz_v\Desktop\R-Type2\SFML-1.6\Temp\vc2008\sfml-window\Release static\lib.command.1.tlog
C:\Users\munoz_v\Desktop\R-Type2\SFML-1.6\Temp\vc2008\sfml-window\Release static\Lib-link.read.1.tlog
C:\Users\munoz_v\Desktop\R-Type2\SFML-1.6\Temp\vc2008\sfml-window\Release static\Lib-link.write.1.tlog
C:\Users\munoz_v\Desktop\R-Type2\SFML-1.6\Temp\vc2008\sfml-window\Release static\sfml-window.write.1.tlog
C:\Users\munoz_v\Desktop\R-Type2\SFML-1.6\Temp\vc2008\sfml-window\Release static\VideoMode.obj
C:\Users\munoz_v\Desktop\R-Type2\SFML-1.6\Temp\vc2008\sfml-window\Release static\VideoModeSupport.obj
C:\Users\munoz_v\Desktop\R-Type2\SFML-1.6\Temp\vc2008\sfml-window\Release static\Window.obj
C:\Users\munoz_v\Desktop\R-Type2\SFML-1.6\Temp\vc2008\sfml-window\Release static\WindowImpl.obj
C:\USERS\MUNOZ_V\DESKTOP\R-TYPE2\SFML-1.6\TEMP\VC2008\SFML-WINDOW\RELEASE STATIC\WINDOWIMPLWIN32.OBJ
